0 verbose cli C:\Program Files\nodejs\node.exe C:\Program Files\nodejs\node_modules\npm\bin\npm-cli.js
1 info using npm@10.5.0
2 info using node@v20.12.1
3 timing npm:load:whichnode Completed in 4ms
4 timing config:load:defaults Completed in 3ms
5 timing config:load:file:C:\Program Files\nodejs\node_modules\npm\npmrc Completed in 9ms
6 timing config:load:builtin Completed in 9ms
7 timing config:load:cli Completed in 4ms
8 timing config:load:env Completed in 1ms
9 timing config:load:file:C:\Users\nanda\Automacao\Automacao-wev-cypress\.npmrc Completed in 0ms
10 timing config:load:project Completed in 3ms
11 timing config:load:file:C:\Users\nanda\.npmrc Completed in 0ms
12 timing config:load:user Completed in 1ms
13 timing config:load:file:C:\Users\nanda\AppData\Roaming\npm\etc\npmrc Completed in 2ms
14 timing config:load:global Completed in 2ms
15 timing config:load:setEnvs Completed in 4ms
16 timing config:load Completed in 29ms
17 timing npm:load:configload Completed in 29ms
18 timing config:load:flatten Completed in 5ms
19 timing npm:load:mkdirpcache Completed in 1ms
20 timing npm:load:mkdirplogs Completed in 1ms
21 verbose title npm run cypress:open
22 verbose argv "run" "cypress:open"
23 timing npm:load:setTitle Completed in 3ms
24 timing npm:load:display Completed in 2ms
25 verbose logfile logs-max:10 dir:C:\Users\nanda\Automacao\Automacao-wev-cypress\UsersnandaAppDataLocalnpm-cache\_logs\2024-11-28T17_09_30_429Z-
26 verbose logfile C:\Users\nanda\Automacao\Automacao-wev-cypress\UsersnandaAppDataLocalnpm-cache\_logs\2024-11-28T17_09_30_429Z-debug-0.log
27 timing npm:load:logFile Completed in 30ms
28 timing npm:load:timers Completed in 0ms
29 timing npm:load:configScope Completed in 0ms
30 timing npm:load Completed in 150ms
31 silly logfile done cleaning log files
32 timing command:run Completed in 21ms
33 verbose stack Error: Missing script: "cypress:open"
33 verbose stack
33 verbose stack To see a list of scripts, run:
33 verbose stack   npm run
33 verbose stack     at RunScript.run (C:\Program Files\nodejs\node_modules\npm\lib\commands\run-script.js:94:13)
33 verbose stack     at async module.exports (C:\Program Files\nodejs\node_modules\npm\lib\cli-entry.js:61:5)
34 verbose cwd C:\Users\nanda\Automacao\Automacao-wev-cypress
35 verbose Windows_NT 10.0.22631
36 verbose node v20.12.1
37 verbose npm  v10.5.0
38 error Missing script: "cypress:open"
38 error
38 error To see a list of scripts, run:
38 error   npm run
39 verbose exit 1
40 timing npm Completed in 383ms
41 verbose code 1
42 error A complete log of this run can be found in: C:\Users\nanda\Automacao\Automacao-wev-cypress\UsersnandaAppDataLocalnpm-cache\_logs\2024-11-28T17_09_30_429Z-debug-0.log
