0 verbose cli C:\Program Files\nodejs\node.exe C:\Program Files\nodejs\node_modules\npm\bin\npm-cli.js
1 info using npm@10.5.0
2 info using node@v20.12.1
3 timing npm:load:whichnode Completed in 2ms
4 timing config:load:defaults Completed in 3ms
5 timing config:load:file:C:\Program Files\nodejs\node_modules\npm\npmrc Completed in 4ms
6 timing config:load:builtin Completed in 5ms
7 timing config:load:cli Completed in 2ms
8 timing config:load:env Completed in 0ms
9 timing config:load:file:c:\Users\nanda\Automacao\Automacao-wev-cypress\.npmrc Completed in 1ms
10 timing config:load:project Completed in 2ms
11 timing config:load:file:C:\Users\nanda\.npmrc Completed in 0ms
12 timing config:load:user Completed in 0ms
13 timing config:load:file:C:\Users\nanda\AppData\Roaming\npm\etc\npmrc Completed in 1ms
14 timing config:load:global Completed in 1ms
15 timing config:load:setEnvs Completed in 1ms
16 timing config:load Completed in 14ms
17 timing npm:load:configload Completed in 14ms
18 timing config:load:flatten Completed in 2ms
19 timing npm:load:mkdirpcache Completed in 1ms
20 timing npm:load:mkdirplogs Completed in 1ms
21 verbose title npm view cypress description dist-tags.latest homepage version time
22 verbose argv "view" "--json" "--" "cypress" "description" "dist-tags.latest" "homepage" "version" "time"
23 timing npm:load:setTitle Completed in 2ms
24 timing npm:load:display Completed in 1ms
25 verbose logfile logs-max:10 dir:C:\Users\nanda\Automacao\Automacao-wev-cypress\UsersnandaAppDataLocalnpm-cache\_logs\2024-11-28T15_25_30_635Z-
26 verbose logfile C:\Users\nanda\Automacao\Automacao-wev-cypress\UsersnandaAppDataLocalnpm-cache\_logs\2024-11-28T15_25_30_635Z-debug-0.log
27 timing npm:load:logFile Completed in 11ms
28 timing npm:load:timers Completed in 0ms
29 timing npm:load:configScope Completed in 0ms
30 timing npm:load Completed in 63ms
31 silly logfile done cleaning log files
32 http fetch GET 200 https://registry.npmjs.org/npm 334ms
33 http fetch GET 200 https://registry.npmjs.org/cypress 375ms (cache miss)
34 timing command:view Completed in 394ms
35 notice
35 notice New minor version of npm available! 10.5.0 -> 10.9.1
35 notice Changelog: <https://github.com/npm/cli/releases/tag/v10.9.1>
35 notice Run `npm install -g npm@10.9.1` to update!
35 notice
36 verbose exit 0
37 timing npm Completed in 796ms
38 info ok
